<?xml version="1.0" encoding="UTF-8"?>
<!-- Generated by org.testng.reporters.JUnitReportReporter -->
<testsuite hostname="DESKTOP-PPHUKG7" failures="0" tests="1" name="Almosafer.AlmosaferTestCAse" time="0.010" errors="0" timestamp="2024-03-26T03:02:40 EET" skipped="0">
  <testcase classname="Almosafer.AlmosaferTestCAse" name="languagesTest" time="0.010"/>
  <system-out/>
</testsuite> <!-- Almosafer.AlmosaferTestCAse -->
